\BOOKMARK [0][-]{chapter.1}{Wstep}{}% 1
\BOOKMARK [1][-]{section.1.1}{S\233owniczek}{chapter.1}% 2
\BOOKMARK [0][-]{chapter.2}{Analiza problemu}{}% 3
\BOOKMARK [1][-]{section.2.1}{Charakterystyka problemu}{chapter.2}% 4
\BOOKMARK [1][-]{section.2.2}{Proponowane rozwiazania - wymagania funkcjonalne}{chapter.2}% 5
\BOOKMARK [0][-]{chapter.3}{Projekt systemu}{}% 6
\BOOKMARK [1][-]{section.3.1}{Grupy uzytkownik\363w}{chapter.3}% 7
\BOOKMARK [1][-]{section.3.2}{Przypadki uzycia}{chapter.3}% 8
\BOOKMARK [2][-]{subsection.3.2.1}{Dynamiczna tabela encyjna}{section.3.2}% 9
\BOOKMARK [2][-]{subsection.3.2.2}{Dynamiczny formularz encyjny}{section.3.2}% 10
\BOOKMARK [2][-]{subsection.3.2.3}{Manipulacja produktem}{section.3.2}% 11
\BOOKMARK [1][-]{section.3.3}{Diagramy aktywnosci}{chapter.3}% 12
\BOOKMARK [2][-]{subsection.3.3.1}{Wyszukiwanie cech produktu}{section.3.3}% 13
\BOOKMARK [2][-]{subsection.3.3.2}{Konstrukcja zapytania dynamicznego Apache Solr}{section.3.3}% 14
\BOOKMARK [2][-]{subsection.3.3.3}{Konstrukcja dynamicznej tabeli encyjnej}{section.3.3}% 15
\BOOKMARK [2][-]{subsection.3.3.4}{Konstrukcja dynamicznego formularza encyjnego}{section.3.3}% 16
\BOOKMARK [2][-]{subsection.3.3.5}{Podsumowanie diagram\363w aktywnosci}{section.3.3}% 17
\BOOKMARK [1][-]{section.3.4}{Diagramy sekwencji}{chapter.3}% 18
\BOOKMARK [2][-]{subsection.3.4.1}{Zmiana w\233asciwosci dowolnej encji}{section.3.4}% 19
\BOOKMARK [2][-]{subsection.3.4.2}{Modyfikacja dowolnej relacji encji}{section.3.4}% 20
\BOOKMARK [2][-]{subsection.3.4.3}{Dodanie dowolnej encji na przyk\233adzie atrybutu klasyfikacyjnego}{section.3.4}% 21
\BOOKMARK [2][-]{subsection.3.4.4}{Wyszukiwanie produktu}{section.3.4}% 22
\BOOKMARK [2][-]{subsection.3.4.5}{Proces zakupowy}{section.3.4}% 23
\BOOKMARK [1][-]{section.3.5}{Diagramy klas}{chapter.3}% 24
\BOOKMARK [2][-]{subsection.3.5.1}{Konfigurowalne menu}{section.3.5}% 25
\BOOKMARK [2][-]{subsection.3.5.2}{Dynamiczna tabela encyjna}{section.3.5}% 26
\BOOKMARK [2][-]{subsection.3.5.3}{Dynamiczny formularz encyjny}{section.3.5}% 27
\BOOKMARK [2][-]{subsection.3.5.4}{Model systemu klasyfikacyjnego}{section.3.5}% 28
\BOOKMARK [2][-]{subsection.3.5.5}{Warstwa serwisowa systemu klasyfikacyjnego}{section.3.5}% 29
\BOOKMARK [2][-]{subsection.3.5.6}{Warstwa kontroler\363w systemu klasyfikacyjnego}{section.3.5}% 30
\BOOKMARK [2][-]{subsection.3.5.7}{Struktura uprawnien w panelu administracyjnym}{section.3.5}% 31
\BOOKMARK [2][-]{subsection.3.5.8}{Indeksacja i wyszukiwanie produkt\363w}{section.3.5}% 32
\BOOKMARK [2][-]{subsection.3.5.9}{Proces zam\363wienia}{section.3.5}% 33
\BOOKMARK [1][-]{section.3.6}{Projekt bazy danych}{chapter.3}% 34
\BOOKMARK [2][-]{subsection.3.6.1}{Menu w panelu administracyjnym}{section.3.6}% 35
\BOOKMARK [2][-]{subsection.3.6.2}{System klasyfikacyjny}{section.3.6}% 36
\BOOKMARK [2][-]{subsection.3.6.3}{Mechanizm uprawnien}{section.3.6}% 37
\BOOKMARK [2][-]{subsection.3.6.4}{Proces zakupowy}{section.3.6}% 38
\BOOKMARK [2][-]{subsection.3.6.5}{Po\233aczenie bazy relacyjnej z p\233aska struktura noSQL Apache Solr}{section.3.6}% 39
\BOOKMARK [2][-]{subsection.3.6.6}{System utrzymania bazy danych}{section.3.6}% 40
\BOOKMARK [2][-]{subsection.3.6.7}{Normalizacja bazy danych}{section.3.6}% 41
\BOOKMARK [0][-]{chapter.4}{Implementacja systemu}{}% 42
\BOOKMARK [1][-]{section.4.1}{Opis technologii}{chapter.4}% 43
\BOOKMARK [2][-]{subsection.4.1.1}{Spring Framework/Spring Boot}{section.4.1}% 44
\BOOKMARK [2][-]{subsection.4.1.2}{Hibernate/JPA 2.1}{section.4.1}% 45
\BOOKMARK [2][-]{subsection.4.1.3}{Spring Data}{section.4.1}% 46
\BOOKMARK [2][-]{subsection.4.1.4}{Apache Solr}{section.4.1}% 47
\BOOKMARK [1][-]{section.4.2}{Om\363wienie kod\363w zr\363d\233owych}{chapter.4}% 48
\BOOKMARK [0][-]{chapter.5}{Instalacja i wdrozenie}{}% 49
\BOOKMARK [0][-]{chapter.6}{Podsumowanie}{}% 50
\BOOKMARK [0][-]{chapter*.33}{Bibliografia}{}% 51
\BOOKMARK [0][-]{appendix.A}{Zawartosc p\233yty CD}{}% 52
